<?xml version="1.0" encoding="UTF-8" ?>
<testsuite tests="9" failures="0" name="TestSuite" time="45.776" errors="0" skipped="0">
  <properties>
    <property name="idea.version" value="2022.1.1"/>
    <property name="java.runtime.name" value="OpenJDK Runtime Environment"/>
    <property name="java.vm.version" value="17.0.6+10-LTS"/>
    <property name="sun.boot.library.path" value="C:\Program Files\Amazon Corretto\jdk17.0.6_10\bin"/>
    <property name="maven.multiModuleProjectDirectory" value="D:\Java\JavaSeleniumTraining"/>
    <property name="java.vm.vendor" value="Amazon.com Inc."/>
    <property name="java.vendor.url" value="https://aws.amazon.com/corretto/"/>
    <property name="guice.disable.misplaced.annotation.check" value="true"/>
    <property name="path.separator" value=";"/>
    <property name="java.vm.name" value="OpenJDK 64-Bit Server VM"/>
    <property name="sun.os.patch.level" value=""/>
    <property name="user.script" value=""/>
    <property name="user.country" value="US"/>
    <property name="sun.java.launcher" value="SUN_STANDARD"/>
    <property name="java.vm.specification.name" value="Java Virtual Machine Specification"/>
    <property name="user.dir" value="D:\Java\JavaSeleniumTraining"/>
    <property name="java.vm.compressedOopsMode" value="Zero based"/>
    <property name="java.runtime.version" value="17.0.6+10-LTS"/>
    <property name="os.arch" value="amd64"/>
    <property name="java.io.tmpdir" value="C:\Users\User\AppData\Local\Temp\"/>
    <property name="line.separator" value="
"/>
    <property name="java.vm.specification.vendor" value="Oracle Corporation"/>
    <property name="user.variant" value=""/>
    <property name="os.name" value="Windows 10"/>
    <property name="maven.ext.class.path" value="D:\Download\IntelliJ IDEA Community Edition 2022.1.1\plugins\maven\lib\maven-event-listener.jar"/>
    <property name="classworlds.conf" value="D:\Download\IntelliJ IDEA Community Edition 2022.1.1\plugins\maven\lib\maven3\bin\m2.conf"/>
    <property name="sun.jnu.encoding" value="Cp1251"/>
    <property name="java.library.path" value="C:\Program Files\Amazon Corretto\jdk17.0.6_10\bin;C:\Windows\Sun\Java\bin;C:\Windows\system32;C:\Windows;C:\Program Files\Amazon Corretto\jdk17.0.6_10\bin;C:\Python310\Scripts\;C:\Python310\;C:\Windows\system32;C:\Windows;C:\Windows\System32\Wbem;C:\Windows\System32\WindowsPowerShell\v1.0\;C:\Windows\System32\OpenSSH\;C:\Program Files (x86)\ATI Technologies\ATI.ACE\Core-Static;C:\Program Files (x86)\NVIDIA Corporation\PhysX\Common;C:\mysql\bin;C:\ProgramData\chocolatey\bin;C:\Program Files\nodejs\;C:\Program Files\Git\cmd;C:\Program Files\Amazon Corretto\jdk17.0.6_10\bin;%M2_HOME%\bin;C:\Users\User\AppData\Local\Microsoft\WindowsApps;D:\Download\platform-tools_r33.0.2-windows\platform-tools;;D:\Download\Fiddler;C:\Users\User\AppData\Local\Programs\Microsoft VS Code\bin;C:\Users\User\AppData\Roaming\npm;."/>
    <property name="maven.conf" value="D:\Download\IntelliJ IDEA Community Edition 2022.1.1\plugins\maven\lib\maven3/conf"/>
    <property name="jdk.debug" value="release"/>
    <property name="java.class.version" value="61.0"/>
    <property name="java.specification.name" value="Java Platform API Specification"/>
    <property name="sun.management.compiler" value="HotSpot 64-Bit Tiered Compilers"/>
    <property name="os.version" value="10.0"/>
    <property name="user.home" value="C:\Users\User"/>
    <property name="user.timezone" value="Asia/Yekaterinburg"/>
    <property name="file.encoding" value="UTF-8"/>
    <property name="java.specification.version" value="17"/>
    <property name="user.name" value="User"/>
    <property name="java.class.path" value="D:\Download\IntelliJ IDEA Community Edition 2022.1.1\plugins\maven\lib\maven3\boot\plexus-classworlds-2.6.0.jar;D:\Download\IntelliJ IDEA Community Edition 2022.1.1\plugins\maven\lib\maven3\boot\plexus-classworlds.license"/>
    <property name="java.vm.specification.version" value="17"/>
    <property name="sun.arch.data.model" value="64"/>
    <property name="sun.java.command" value="org.codehaus.classworlds.Launcher -Didea.version=2022.1.1 test"/>
    <property name="java.home" value="C:\Program Files\Amazon Corretto\jdk17.0.6_10"/>
    <property name="user.language" value="en"/>
    <property name="java.specification.vendor" value="Oracle Corporation"/>
    <property name="java.vm.info" value="mixed mode, sharing"/>
    <property name="java.version" value="17.0.6"/>
    <property name="native.encoding" value="Cp1251"/>
    <property name="java.vendor" value="Amazon.com Inc."/>
    <property name="maven.home" value="D:\Download\IntelliJ IDEA Community Edition 2022.1.1\plugins\maven\lib\maven3"/>
    <property name="file.separator" value="\"/>
    <property name="java.version.date" value="2023-01-17"/>
    <property name="java.vendor.url.bug" value="https://github.com/corretto/corretto-17/issues/"/>
    <property name="sun.io.unicode.encoding" value="UnicodeLittle"/>
    <property name="sun.cpu.endian" value="little"/>
    <property name="java.vendor.version" value="Corretto-17.0.6.10.1"/>
    <property name="sun.cpu.isalist" value="amd64"/>
  </properties>
  <testcase classname="DemoQA.tests.Tests" name="firstTestApi" time="3.175"/>
  <testcase classname="DemoQA.tests.Tests" name="testCheckBoxCommands" time="0.72"/>
  <testcase classname="DemoQA.tests.Tests" name="testCheckBoxHome" time="0.49"/>
  <testcase classname="DemoQA.tests.Tests" name="testGetHeader" time="0.146"/>
  <testcase classname="DemoQA.tests.Tests" name="testJavaFaker" time="0.206"/>
  <testcase classname="DemoQA.tests.Tests" name="testRadioButtonImpressive" time="0.404"/>
  <testcase classname="DemoQA.tests.Tests" name="testRadioButtonYes" time="0.315"/>
  <testcase classname="DemoQA.tests.Tests" name="testTextBox" time="0.997"/>
  <testcase classname="DemoQA.tests.Tests" name="workWithWindows" time="39.323"/>
</testsuite>