<?xml version="1.0" encoding="UTF-8"?>
<!-- Generated by org.testng.reporters.JUnitReportReporter -->
<testsuite hostname="DESKTOP-HUES2TE" failures="0" tests="1" name="DemoQA.tests.TextBoxTests" time="42.646" errors="0" timestamp="2024-08-11T20:20:29 MSK" skipped="0">
  <testcase classname="DemoQA.tests.TextBoxTests" name="testTextBox" time="42.646"/>
  <system-out/>
</testsuite> <!-- DemoQA.tests.TextBoxTests -->
