<?xml version="1.0" encoding="UTF-8"?>
<!-- Generated by org.testng.reporters.JUnitReportReporter -->
<testsuite hostname="DESKTOP-HUES2TE" failures="0" tests="6" name="DemoQA.tests.Tests" time="259.792" errors="0" timestamp="2023-08-30T15:05:04 YEKT" skipped="0">
  <testcase classname="DemoQA.tests.Tests" name="testRadioButtonYes" time="41.176"/>
  <system-out/>
  <testcase classname="DemoQA.tests.Tests" name="testCheckBoxHome" time="43.901"/>
  <system-out/>
  <testcase classname="DemoQA.tests.Tests" name="testTextBox" time="41.868"/>
  <system-out/>
  <testcase classname="DemoQA.tests.Tests" name="testRadioButtonImpressive" time="41.362"/>
  <system-out/>
  <testcase classname="DemoQA.tests.Tests" name="testCheckBoxCommands" time="50.287"/>
  <system-out/>
  <testcase classname="DemoQA.tests.Tests" name="testGetHeader" time="41.198"/>
  <system-out/>
</testsuite> <!-- DemoQA.tests.Tests -->
