<?xml version="1.0" encoding="UTF-8"?>
<!-- Generated by org.testng.reporters.JUnitReportReporter -->
<testsuite hostname="DESKTOP-HUES2TE" failures="0" tests="9" name="DemoQA.tests.Tests" time="430.446" errors="0" timestamp="2024-01-13T22:56:15 YEKT" skipped="0">
  <testcase classname="DemoQA.tests.Tests" name="testRadioButtonImpressive" time="41.405"/>
  <system-out/>
  <testcase classname="DemoQA.tests.Tests" name="testTextBox" time="46.441"/>
  <system-out/>
  <testcase classname="DemoQA.tests.Tests" name="workWithWindows" time="87.687"/>
  <system-out/>
  <testcase classname="DemoQA.tests.Tests" name="testCheckBoxHome" time="41.545"/>
  <system-out/>
  <testcase classname="DemoQA.tests.Tests" name="testJavaFaker" time="41.812"/>
  <system-out/>
  <testcase classname="DemoQA.tests.Tests" name="testCheckBoxCommands" time="41.689"/>
  <system-out/>
  <testcase classname="DemoQA.tests.Tests" name="testRadioButtonYes" time="41.759"/>
  <system-out/>
  <testcase classname="DemoQA.tests.Tests" name="firstTestApi" time="42.901"/>
  <system-out/>
  <testcase classname="DemoQA.tests.Tests" name="testGetHeader" time="45.207"/>
  <system-out/>
</testsuite> <!-- DemoQA.tests.Tests -->
