<?xml version="1.0" encoding="UTF-8"?>
<!-- Generated by org.testng.reporters.JUnitReportReporter -->
<testsuite hostname="DESKTOP-HUES2TE" failures="0" tests="1" name="DemoQA.tests.MainPageTests" time="41.570" errors="0" timestamp="2024-08-11T20:20:29 MSK" skipped="0">
  <testcase classname="DemoQA.tests.MainPageTests" name="testCountOfCategoryCard" time="41.570"/>
  <system-out/>
</testsuite> <!-- DemoQA.tests.MainPageTests -->
