<?xml version="1.0" encoding="UTF-8"?>
<!-- Generated by org.testng.reporters.JUnitReportReporter -->
<testsuite hostname="DESKTOP-HUES2TE" failures="0" tests="3" name="DemoQA.tests.ButtonsTests" time="128.904" errors="0" timestamp="2024-08-11T20:20:29 MSK" skipped="0">
  <testcase classname="DemoQA.tests.ButtonsTests" name="testClickMeButton" time="44.777"/>
  <system-out/>
  <testcase classname="DemoQA.tests.ButtonsTests" name="testDoubleClickMeButton" time="42.225"/>
  <system-out/>
  <testcase classname="DemoQA.tests.ButtonsTests" name="testRightClickMeButton" time="41.902"/>
  <system-out/>
</testsuite> <!-- DemoQA.tests.ButtonsTests -->
