<?xml version="1.0" encoding="UTF-8"?>
<!-- Generated by org.testng.reporters.JUnitReportReporter -->
<testsuite hostname="DESKTOP-HUES2TE" failures="0" tests="4" name="DemoQA.tests.LinksTests" time="246.716" errors="0" timestamp="2024-08-11T20:20:29 MSK" skipped="0">
  <testcase classname="DemoQA.tests.LinksTests" name="testOpenNewWindowAndCheckBanner" time="80.957"/>
  <system-out/>
  <testcase classname="DemoQA.tests.LinksTests" name="testStatusCodeCreatedLink" time="42.899"/>
  <system-out/>
  <testcase classname="DemoQA.tests.LinksTests" name="testClickCreatedLink" time="42.062"/>
  <system-out/>
  <testcase classname="DemoQA.tests.LinksTests" name="testClickDynamicLinkAndCheckBannerInNewWin" time="80.798"/>
  <system-out/>
</testsuite> <!-- DemoQA.tests.LinksTests -->
