<?xml version="1.0" encoding="UTF-8"?>
<!-- Generated by org.testng.reporters.JUnitReportReporter -->
<testsuite hostname="DESKTOP-HUES2TE" failures="0" tests="9" name="DemoQA.tests.Tests" time="460.186" errors="0" timestamp="2023-09-23T16:19:50 YEKT" skipped="0">
  <testcase classname="DemoQA.tests.Tests" name="testRadioButtonImpressive" time="41.360"/>
  <system-out/>
  <testcase classname="DemoQA.tests.Tests" name="firstTestApi" time="43.936"/>
  <system-out/>
  <testcase classname="DemoQA.tests.Tests" name="testGetHeader" time="41.042"/>
  <system-out/>
  <testcase classname="DemoQA.tests.Tests" name="testRadioButtonYes" time="43.257"/>
  <system-out/>
  <testcase classname="DemoQA.tests.Tests" name="testTextBox" time="41.724"/>
  <system-out/>
  <testcase classname="DemoQA.tests.Tests" name="testCheckBoxCommands" time="44.019"/>
  <system-out/>
  <testcase classname="DemoQA.tests.Tests" name="testCheckBoxHome" time="41.291"/>
  <system-out/>
  <testcase classname="DemoQA.tests.Tests" name="testJavaFaker" time="41.542"/>
  <system-out/>
  <testcase classname="DemoQA.tests.Tests" name="workWithWindows" time="122.015"/>
  <system-out/>
</testsuite> <!-- DemoQA.tests.Tests -->
