<?xml version="1.0" encoding="UTF-8"?>
<!-- Generated by org.testng.reporters.JUnitReportReporter -->
<testsuite hostname="DESKTOP-HUES2TE" failures="0" tests="3" name="DemoQA.tests.RadioButtonPageTests" time="126.265" errors="0" timestamp="2024-08-11T20:20:29 MSK" skipped="0">
  <testcase classname="DemoQA.tests.RadioButtonPageTests" name="testRadioButtonNo" time="41.943"/>
  <system-out/>
  <testcase classname="DemoQA.tests.RadioButtonPageTests" name="testRadioButtonYes" time="42.063"/>
  <system-out/>
  <testcase classname="DemoQA.tests.RadioButtonPageTests" name="testRadioButtonImpressive" time="42.259"/>
  <system-out/>
</testsuite> <!-- DemoQA.tests.RadioButtonPageTests -->
