<?xml version="1.0" encoding="UTF-8"?>
<!-- Generated by org.testng.reporters.JUnitReportReporter -->
<testsuite hostname="DESKTOP-HUES2TE" failures="0" tests="9" name="DemoQA.tests.Tests" time="424.474" errors="0" timestamp="2024-08-11T20:20:29 MSK" skipped="0">
  <testcase classname="DemoQA.tests.Tests" name="testRadioButtonImpressive" time="43.103"/>
  <system-out/>
  <testcase classname="DemoQA.tests.Tests" name="workWithWindows" time="82.117"/>
  <system-out/>
  <testcase classname="DemoQA.tests.Tests" name="testJavaFaker" time="42.754"/>
  <system-out/>
  <testcase classname="DemoQA.tests.Tests" name="testTextBox" time="42.526"/>
  <system-out/>
  <testcase classname="DemoQA.tests.Tests" name="firstTestApi" time="42.222"/>
  <system-out/>
  <testcase classname="DemoQA.tests.Tests" name="testCheckBoxCommands" time="44.419"/>
  <system-out/>
  <testcase classname="DemoQA.tests.Tests" name="testGetHeader" time="42.208"/>
  <system-out/>
  <testcase classname="DemoQA.tests.Tests" name="testCheckBoxHome" time="42.487"/>
  <system-out/>
  <testcase classname="DemoQA.tests.Tests" name="testRadioButtonYes" time="42.638"/>
  <system-out/>
</testsuite> <!-- DemoQA.tests.Tests -->
