<?xml version="1.0" encoding="UTF-8"?>
<!-- Generated by org.testng.reporters.JUnitReportReporter -->
<testsuite hostname="DESKTOP-HUES2TE" failures="0" tests="3" name="DemoQA.tests.WebTablesTests" time="125.689" errors="0" timestamp="2024-08-11T20:20:29 MSK" skipped="0">
  <testcase classname="DemoQA.tests.WebTablesTests" name="testNamesOfTableHeaders" time="41.885"/>
  <system-out/>
  <testcase classname="DemoQA.tests.WebTablesTests" name="testNumberOfTableHeaders" time="41.979"/>
  <system-out/>
  <testcase classname="DemoQA.tests.WebTablesTests" name="testNumberOfTableRows" time="41.825"/>
  <system-out/>
</testsuite> <!-- DemoQA.tests.WebTablesTests -->
