<?xml version="1.0" encoding="UTF-8"?>
<!-- Generated by org.testng.reporters.JUnitReportReporter -->
<testsuite hostname="DESKTOP-HUES2TE" failures="0" tests="1" name="DemoQA.tests.ElementsPageTests" time="41.690" errors="0" timestamp="2024-08-11T20:20:29 MSK" skipped="0">
  <testcase classname="DemoQA.tests.ElementsPageTests" name="testClickElementsCard" time="41.690"/>
  <system-out/>
</testsuite> <!-- DemoQA.tests.ElementsPageTests -->
